<?xml version="1.0" encoding="UTF-8"?>
<!-- Generated by org.testng.reporters.JUnitXMLReporter -->
<testsuite ignored="0" hostname="Abir-PC" failures="1" tests="3" name="Command line test" time="62.316" errors="0" timestamp="2021-09-15T14:32:24 BDT">
  <testcase classname="TestCases" name="flightCheckout" time="62.229">
    <failure type="org.openqa.selenium.NoSuchElementException" message="no such element: Unable to locate element: {&amp;quot;method&amp;quot;:&amp;quot;css selector&amp;quot;,&amp;quot;selector&amp;quot;:&amp;quot;#MAIN &amp;gt; div &amp;gt; div.bWiwA.dmnIF.scrollAdMain.withLeftRail &amp;gt; div &amp;gt; div.ui_column.is-12-mobile.bTQXt.is-9-widescreen &amp;gt; div &amp;gt; div.czZSU &amp;gt; div.Ujoyv &amp;gt; div &amp;gt; div:nth-child(3) &amp;gt; div &amp;gt; div &amp;gt; div &amp;gt; div.fvFps &amp;gt; div &amp;gt; div.hRMRr &amp;gt; div &amp;gt; button &amp;gt; div&amp;quot;}
  (Session info: chrome=93.0.4577.82)
For documentation on this error, please visit: https://www.seleniumhq.org/exceptions/no_such_element.html
Build info: version: &amp;apos;3.141.59&amp;apos;, revision: &amp;apos;e82be7d358&amp;apos;, time: &amp;apos;2018-11-14T08:17:03&amp;apos;
System info: host: &amp;apos;ABIR-PC&amp;apos;, ip: &amp;apos;192.168.68.104&amp;apos;, os.name: &amp;apos;Windows 7&amp;apos;, os.arch: &amp;apos;amd64&amp;apos;, os.version: &amp;apos;6.1&amp;apos;, java.version: &amp;apos;16.0.1&amp;apos;
Driver info: org.openqa.selenium.chrome.ChromeDriver
Capabilities {acceptInsecureCerts: false, browserName: chrome, browserVersion: 93.0.4577.82, chrome: {chromedriverVersion: 93.0.4577.63 (ff5c0da2ec0ad..., userDataDir: C:\Users\Abir\AppData\Local...}, goog:chromeOptions: {debuggerAddress: localhost:63654}, javascriptEnabled: true, networkConnectionEnabled: false, pageLoadStrategy: normal, platform: WINDOWS, platformName: WINDOWS, proxy: Proxy(), setWindowRect: true, strictFileInteractability: false, timeouts: {implicit: 0, pageLoad: 300000, script: 30000}, unhandledPromptBehavior: dismiss and notify, webauthn:extension:credBlob: true, webauthn:extension:largeBlob: true, webauthn:virtualAuthenticators: true}
Session ID: e62803bd3cad6d1e1c55b0badffb62a1
*** Element info: {Using=css selector, value=#MAIN &amp;gt; div &amp;gt; div.bWiwA.dmnIF.scrollAdMain.withLeftRail &amp;gt; div &amp;gt; div.ui_column.is-12-mobile.bTQXt.is-9-widescreen &amp;gt; div &amp;gt; div.czZSU &amp;gt; div.Ujoyv &amp;gt; div &amp;gt; div:nth-child(3) &amp;gt; div &amp;gt; div &amp;gt; div &amp;gt; div.fvFps &amp;gt; div &amp;gt; div.hRMRr &amp;gt; div &amp;gt; button &amp;gt; div}">
      <![CDATA[org.openqa.selenium.NoSuchElementException: no such element: Unable to locate element: {"method":"css selector","selector":"#MAIN > div > div.bWiwA.dmnIF.scrollAdMain.withLeftRail > div > div.ui_column.is-12-mobile.bTQXt.is-9-widescreen > div > div.czZSU > div.Ujoyv > div > div:nth-child(3) > div > div > div > div.fvFps > div > div.hRMRr > div > button > div"}
  (Session info: chrome=93.0.4577.82)
For documentation on this error, please visit: https://www.seleniumhq.org/exceptions/no_such_element.html
Build info: version: '3.141.59', revision: 'e82be7d358', time: '2018-11-14T08:17:03'
System info: host: 'ABIR-PC', ip: '192.168.68.104', os.name: 'Windows 7', os.arch: 'amd64', os.version: '6.1', java.version: '16.0.1'
Driver info: org.openqa.selenium.chrome.ChromeDriver
Capabilities {acceptInsecureCerts: false, browserName: chrome, browserVersion: 93.0.4577.82, chrome: {chromedriverVersion: 93.0.4577.63 (ff5c0da2ec0ad..., userDataDir: C:\Users\Abir\AppData\Local...}, goog:chromeOptions: {debuggerAddress: localhost:63654}, javascriptEnabled: true, networkConnectionEnabled: false, pageLoadStrategy: normal, platform: WINDOWS, platformName: WINDOWS, proxy: Proxy(), setWindowRect: true, strictFileInteractability: false, timeouts: {implicit: 0, pageLoad: 300000, script: 30000}, unhandledPromptBehavior: dismiss and notify, webauthn:extension:credBlob: true, webauthn:extension:largeBlob: true, webauthn:virtualAuthenticators: true}
Session ID: e62803bd3cad6d1e1c55b0badffb62a1
*** Element info: {Using=css selector, value=#MAIN > div > div.bWiwA.dmnIF.scrollAdMain.withLeftRail > div > div.ui_column.is-12-mobile.bTQXt.is-9-widescreen > div > div.czZSU > div.Ujoyv > div > div:nth-child(3) > div > div > div > div.fvFps > div > div.hRMRr > div > button > div}
at org.openqa.selenium.remote.http.W3CHttpResponseCodec.createException(W3CHttpResponseCodec.java:187)
at org.openqa.selenium.remote.http.W3CHttpResponseCodec.decode(W3CHttpResponseCodec.java:122)
at org.openqa.selenium.remote.http.W3CHttpResponseCodec.decode(W3CHttpResponseCodec.java:49)
at org.openqa.selenium.remote.HttpCommandExecutor.execute(HttpCommandExecutor.java:158)
at org.openqa.selenium.remote.service.DriverCommandExecutor.execute(DriverCommandExecutor.java:83)
at org.openqa.selenium.remote.RemoteWebDriver.execute(RemoteWebDriver.java:552)
at org.openqa.selenium.remote.RemoteWebDriver.findElement(RemoteWebDriver.java:323)
at org.openqa.selenium.remote.RemoteWebDriver.findElementByCssSelector(RemoteWebDriver.java:420)
at org.openqa.selenium.By$ByCssSelector.findElement(By.java:431)
at org.openqa.selenium.remote.RemoteWebDriver.findElement(RemoteWebDriver.java:315)
at TestCases.flightCheckout(TestCases.java:77)
at java.base/java.util.ArrayList.forEach(ArrayList.java:1511)
... Removed 41 stack frames]]>
    </failure>
  </testcase> <!-- flightCheckout -->
  <testcase classname="TestCases" name="hotelCheckout" time="0.002"/>
  <testcase classname="TestCases" name="thingsToDoCheckout" time="0.001"/>
</testsuite> <!-- Command line test -->
